WARNING: A restricted method in java.lang.System has been called
WARNING: java.lang.System::load has been called by net.rubygrapefruit.platform.internal.NativeLibraryLoader in an unnamed module (file:/C:/Users/Nathan%20Lee/.gradle/wrapper/dists/gradle-9.3.1-bin/23ovyewtku6u96viwx3xl3oks/gradle-9.3.1/lib/native-platform-0.22-milestone-29.jar)
WARNING: Use --enable-native-access=ALL-UNNAMED to avoid a warning for callers in this module
WARNING: Restricted methods will be blocked in a future release unless native access is enabled

> Task :checkKotlinGradlePluginConfigurationErrors SKIPPED

> Task :compileKotlin FAILED
e: file:///C:/Users/Nathan%20Lee/Coding%20Projects/Java%20Projects/WerewolfHelper/src/main/kotlin/dev/robothanzo/werewolf/database/documents/Player.kt:144:21 Unresolved reference 'RoleEventContext'.
e: file:///C:/Users/Nathan%20Lee/Coding%20Projects/Java%20Projects/WerewolfHelper/src/main/kotlin/dev/robothanzo/werewolf/game/roles/actions/Actions.kt:8:43 Unresolved reference 'PredefinedRoles'.
e: file:///C:/Users/Nathan%20Lee/Coding%20Projects/Java%20Projects/WerewolfHelper/src/main/kotlin/dev/robothanzo/werewolf/game/steps/NightStep.kt:9:43 Unresolved reference 'PredefinedRoles'.
e: file:///C:/Users/Nathan%20Lee/Coding%20Projects/Java%20Projects/WerewolfHelper/src/main/kotlin/dev/robothanzo/werewolf/service/impl/ActionUIServiceImpl.kt:10:43 Unresolved reference 'PredefinedRoles'.
e: file:///C:/Users/Nathan%20Lee/Coding%20Projects/Java%20Projects/WerewolfHelper/src/main/kotlin/dev/robothanzo/werewolf/service/impl/RoleActionServiceImpl.kt:8:43 Unresolved reference 'PredefinedRoles'.

FAILURE: Build failed with an exception.

* What went wrong:
Execution failed for task ':compileKotlin'.
> A failure occurred while executing org.jetbrains.kotlin.compilerRunner.GradleCompilerRunnerWithWorkers$GradleKotlinCompilerWorkAction
   > Compilation error. See log for more details

* Try:
> Run with --stacktrace option to get the stack trace.
> Run with --info or --debug option to get more log output.
> Run with --scan to get full insights from a Build Scan (powered by Develocity).
> Get more help at https://help.gradle.org.

BUILD FAILED in 3s
1 actionable task: 1 executed
